<?xml version="1.0" encoding="UTF-8"?>
<!-- Generated by org.testng.reporters.JUnitReportReporter -->
<testsuite hostname="DESKTOP-4750ECB" failures="0" tests="2" name="Test1" time="62.353" errors="0" timestamp="2023-06-12T21:41:46 IST" skipped="0">
  <testcase classname="Test1" name="tests" time="0.002"/>
  <testcase classname="Test1" name="runn" time="62.351"/>
</testsuite> <!-- Test1 -->
